number,value,datetime_start,datetime_complete,duration,params_batch_size,params_dropout,params_learning_rate,params_n_layers,params_units,user_attrs_n_params,user_attrs_val_r2,user_attrs_val_rmse,system_attrs_tpe:relative_params:0,state
0,0.6847189664840698,2026-09-15 10:04:15.265145,2026-09-15 10:04:20.611814,0 days 00:00:05.346669,32,0.02904180608409973,0.0029621516588303515,1,32,5281,0.04230600595474243,0.960703224218729,,COMPLETE
1,0.906889021396637,2026-09-15 10:04:20.612445,2026-09-15 10:04:26.710067,0 days 00:00:06.097622,32,0.2623782158161189,0.0005418282319533242,1,16,1617,-0.4863452911376953,1.1968389500699248,,COMPLETE
2,0.92983478307724,2026-09-15 10:04:26.710650,2026-09-15 10:04:36.970184,0 days 00:00:10.259534,16,0.29620728443102123,0.00011992724522955161,2,96,114529,-0.5276119709014893,1.2133396564483068,,COMPLETE
3,1.1360574960708618,2026-09-15 10:04:36.970739,2026-09-15 10:04:45.396524,0 days 00:00:08.425785,64,0.22007624686980065,0.000161190447276092,2,32,13601,-1.1172549724578857,1.4284414896453441,,COMPLETE
4,0.7928904891014099,2026-09-15 10:04:45.397155,2026-09-15 10:04:48.661665,0 days 00:00:03.264510,16,0.4847923138822793,0.002074566765675252,1,32,5281,-0.07584095001220703,1.0182393976788624,,COMPLETE
5,0.8118609189987183,2026-09-15 10:04:48.661948,2026-09-15 10:04:52.747750,0 days 00:00:04.085802,64,0.13567451588694796,0.0025585868855934266,1,16,1617,-0.27147603034973145,1.1069549706560975,,COMPLETE
6,0.40928298234939575,2026-09-15 10:04:52.747992,2026-09-15 10:05:00.833710,0 days 00:00:08.085718,64,0.0027610585618011996,0.0024290950368254976,1,96,40417,0.6089253425598145,0.6139113961011625,,COMPLETE
7,0.4707568287849426,2026-09-15 10:05:00.837407,2026-09-15 10:05:09.422476,0 days 00:00:08.585069,32,0.03177917514301182,0.0003375589571206084,1,96,40417,0.4924904704093933,0.6993554477157374,,COMPLETE
8,1.2514556646347046,2026-09-15 10:05:09.423430,2026-09-15 10:05:14.510841,0 days 00:00:05.087411,16,0.3854835899772805,0.0006901506581791928,2,16,3729,-1.528075933456421,1.5608850143818884,,COMPLETE
9,0.8911839127540588,2026-09-15 10:05:14.511136,2026-09-15 10:05:20.233412,0 days 00:00:05.722276,16,0.12464611457443747,0.0004979987773685088,2,64,51777,-0.41884469985961914,1.169346688690893,,COMPLETE
10,0.7877764105796814,2026-09-15 10:05:20.234002,2026-09-15 10:05:25.600406,0 days 00:00:05.366404,64,0.3270035805000016,0.0031924725857526825,2,96,114529,-0.04233193397521973,1.002256529678537,"{""batch_size"": 64, ""dropout"": 0.3270035805000016, ""learning_rate"": 0.0031924725857526825, ""n_layers"": 2, ""units"": 96}",COMPLETE
11,0.3892982006072998,2026-09-15 10:05:25.600630,2026-09-15 10:05:34.295461,0 days 00:00:08.694831,32,0.03706118044100799,0.0006726887229962237,1,96,40417,0.6681196689605713,0.565544261755072,"{""batch_size"": 32, ""dropout"": 0.03706118044100799, ""learning_rate"": 0.0006726887229962237, ""n_layers"": 1, ""units"": 96}",COMPLETE
12,0.8751540780067444,2026-09-15 10:05:34.295986,2026-09-15 10:05:39.295921,0 days 00:00:04.999935,64,0.0457653583015678,0.003257769465917189,2,96,114529,-0.5430107116699219,1.219439727066366,"{""batch_size"": 64, ""dropout"": 0.0457653583015678, ""learning_rate"": 0.003257769465917189, ""n_layers"": 2, ""units"": 96}",COMPLETE
13,0.6722761392593384,2026-09-15 10:05:39.297755,2026-09-15 10:05:42.253111,0 days 00:00:02.955356,64,0.026057845965143205,0.0035649583492514503,1,96,40417,0.12405073642730713,0.9187880410863034,"{""batch_size"": 64, ""dropout"": 0.026057845965143205, ""learning_rate"": 0.0035649583492514503, ""n_layers"": 1, ""units"": 96}",COMPLETE
14,0.862238883972168,2026-09-15 10:05:42.253788,2026-09-15 10:05:46.572072,0 days 00:00:04.318284,32,0.15788834857641532,0.00034120728028404093,1,96,40417,-0.36581552028656006,1.1472864935551483,"{""batch_size"": 32, ""dropout"": 0.15788834857641532, ""learning_rate"": 0.00034120728028404093, ""n_layers"": 1, ""units"": 96}",COMPLETE
15,0.6603816747665405,2026-09-15 10:05:46.572348,2026-09-15 10:05:49.646823,0 days 00:00:03.074475,64,0.10898624343511712,0.0011864416734049276,1,96,40417,0.13790422677993774,0.9114935877203538,"{""batch_size"": 64, ""dropout"": 0.10898624343511712, ""learning_rate"": 0.0011864416734049276, ""n_layers"": 1, ""units"": 96}",COMPLETE
16,0.7248561978340149,2026-09-15 10:05:49.647144,2026-09-15 10:05:53.570591,0 days 00:00:03.923447,16,0.20728120326386212,0.004248956075545258,1,96,40417,0.06465232372283936,0.9494287705905641,"{""batch_size"": 16, ""dropout"": 0.20728120326386212, ""learning_rate"": 0.004248956075545258, ""n_layers"": 1, ""units"": 96}",COMPLETE
17,0.5587601661682129,2026-09-15 10:05:53.571181,2026-09-15 10:06:02.238840,0 days 00:00:08.667659,16,0.08737904987803974,0.00024816623458448294,1,64,18753,0.29776400327682495,0.8226543604003999,"{""batch_size"": 16, ""dropout"": 0.08737904987803974, ""learning_rate"": 0.00024816623458448294, ""n_layers"": 1, ""units"": 64}",COMPLETE
18,0.4377393126487732,2026-09-15 10:06:02.239460,2026-09-15 10:06:06.247426,0 days 00:00:04.007966,32,0.02587173897902666,0.0012041527366029483,1,96,40417,0.555884838104248,0.654219756634696,"{""batch_size"": 32, ""dropout"": 0.02587173897902666, ""learning_rate"": 0.0012041527366029483, ""n_layers"": 1, ""units"": 96}",COMPLETE
19,0.6963038444519043,2026-09-15 10:06:06.249499,2026-09-15 10:06:09.945367,0 days 00:00:03.695868,32,0.2128764650051732,0.0012494604309740112,1,96,40417,0.0811050534248352,0.9410415196131863,"{""batch_size"": 32, ""dropout"": 0.2128764650051732, ""learning_rate"": 0.0012494604309740112, ""n_layers"": 1, ""units"": 96}",COMPLETE
